[INFO  - 2014-08-21T14:23:30.996Z] GhostDriver - Main - running on port 42757
[INFO  - 2014-08-21T14:23:31.655Z] Session [ba31e220-293e-11e4-b95a-350bbfc62eef] - _decorateNewWindow - page.settings: {"XSSAuditingEnabled":false,"javascriptCanCloseWindows":true,"javascriptCanOpenWindows":true,"javascriptEnabled":true,"loadImages":true,"localToRemoteUrlAccessEnabled":false,"userAgent":"Mozilla/5.0 (Windows NT 6.1; WOW64) AppleWebKit/534.34 (KHTML, like Gecko) PhantomJS/1.9.2 Safari/534.34","webSecurityEnabled":true}
[INFO  - 2014-08-21T14:23:31.655Z] Session [ba31e220-293e-11e4-b95a-350bbfc62eef] - page.customHeaders:  - {}
[INFO  - 2014-08-21T14:23:31.655Z] Session [ba31e220-293e-11e4-b95a-350bbfc62eef] - CONSTRUCTOR - Desired Capabilities: {"javascriptEnabled":true,"phantomjs.binary.path":"C:\\Users\\cgu\\git\\eclipse.scout\\org.eclipse.scout.rt.ui.html.parent\\org.eclipse.scout.rt.ui.html\\target\\phantomjs-maven-plugin\\phantomjs-1.9.2-windows\\phantomjs.exe"}
[INFO  - 2014-08-21T14:23:31.655Z] Session [ba31e220-293e-11e4-b95a-350bbfc62eef] - CONSTRUCTOR - Negotiated Capabilities: {"browserName":"phantomjs","version":"1.9.2","driverName":"ghostdriver","driverVersion":"1.0.4","platform":"windows-7-32bit","javascriptEnabled":true,"takesScreenshot":true,"handlesAlerts":false,"databaseEnabled":false,"locationContextEnabled":false,"applicationCacheEnabled":false,"browserConnectionEnabled":false,"cssSelectorsEnabled":true,"webStorageEnabled":false,"rotatable":false,"acceptSslCerts":false,"nativeEvents":true,"proxy":{"proxyType":"direct"}}
[INFO  - 2014-08-21T14:23:31.655Z] SessionManagerReqHand - _postNewSessionCommand - New Session Created: ba31e220-293e-11e4-b95a-350bbfc62eef
[INFO  - 2014-08-21T14:23:37.160Z] ShutdownReqHand - _handle - About to shutdown
[INFO  - 2014-08-21T14:25:48.387Z] GhostDriver - Main - running on port 43145
[INFO  - 2014-08-21T14:25:48.785Z] Session [0bee69d0-293f-11e4-88f3-894567021cc2] - _decorateNewWindow - page.settings: {"XSSAuditingEnabled":false,"javascriptCanCloseWindows":true,"javascriptCanOpenWindows":true,"javascriptEnabled":true,"loadImages":true,"localToRemoteUrlAccessEnabled":false,"userAgent":"Mozilla/5.0 (Windows NT 6.1; WOW64) AppleWebKit/534.34 (KHTML, like Gecko) PhantomJS/1.9.2 Safari/534.34","webSecurityEnabled":true}
[INFO  - 2014-08-21T14:25:48.785Z] Session [0bee69d0-293f-11e4-88f3-894567021cc2] - page.customHeaders:  - {}
[INFO  - 2014-08-21T14:25:48.785Z] Session [0bee69d0-293f-11e4-88f3-894567021cc2] - CONSTRUCTOR - Desired Capabilities: {"javascriptEnabled":true,"phantomjs.binary.path":"C:\\Users\\cgu\\git\\eclipse.scout\\org.eclipse.scout.rt.ui.html.parent\\org.eclipse.scout.rt.ui.html\\target\\phantomjs-maven-plugin\\phantomjs-1.9.2-windows\\phantomjs.exe"}
[INFO  - 2014-08-21T14:25:48.785Z] Session [0bee69d0-293f-11e4-88f3-894567021cc2] - CONSTRUCTOR - Negotiated Capabilities: {"browserName":"phantomjs","version":"1.9.2","driverName":"ghostdriver","driverVersion":"1.0.4","platform":"windows-7-32bit","javascriptEnabled":true,"takesScreenshot":true,"handlesAlerts":false,"databaseEnabled":false,"locationContextEnabled":false,"applicationCacheEnabled":false,"browserConnectionEnabled":false,"cssSelectorsEnabled":true,"webStorageEnabled":false,"rotatable":false,"acceptSslCerts":false,"nativeEvents":true,"proxy":{"proxyType":"direct"}}
[INFO  - 2014-08-21T14:25:48.785Z] SessionManagerReqHand - _postNewSessionCommand - New Session Created: 0bee69d0-293f-11e4-88f3-894567021cc2
[INFO  - 2014-08-21T14:25:54.290Z] ShutdownReqHand - _handle - About to shutdown
[INFO  - 2014-08-21T14:36:12.523Z] GhostDriver - Main - running on port 48066
[INFO  - 2014-08-21T14:36:13.151Z] Session [8014f3a0-2940-11e4-9b58-51cb5c96e1d8] - _decorateNewWindow - page.settings: {"XSSAuditingEnabled":false,"javascriptCanCloseWindows":true,"javascriptCanOpenWindows":true,"javascriptEnabled":true,"loadImages":true,"localToRemoteUrlAccessEnabled":false,"userAgent":"Mozilla/5.0 (Windows NT 6.1; WOW64) AppleWebKit/534.34 (KHTML, like Gecko) PhantomJS/1.9.2 Safari/534.34","webSecurityEnabled":true}
[INFO  - 2014-08-21T14:36:13.151Z] Session [8014f3a0-2940-11e4-9b58-51cb5c96e1d8] - page.customHeaders:  - {}
[INFO  - 2014-08-21T14:36:13.151Z] Session [8014f3a0-2940-11e4-9b58-51cb5c96e1d8] - CONSTRUCTOR - Desired Capabilities: {"javascriptEnabled":true,"phantomjs.binary.path":"C:\\Users\\cgu\\git\\eclipse.scout\\org.eclipse.scout.rt.ui.html.parent\\org.eclipse.scout.rt.ui.html\\target\\phantomjs-maven-plugin\\phantomjs-1.9.2-windows\\phantomjs.exe"}
[INFO  - 2014-08-21T14:36:13.151Z] Session [8014f3a0-2940-11e4-9b58-51cb5c96e1d8] - CONSTRUCTOR - Negotiated Capabilities: {"browserName":"phantomjs","version":"1.9.2","driverName":"ghostdriver","driverVersion":"1.0.4","platform":"windows-7-32bit","javascriptEnabled":true,"takesScreenshot":true,"handlesAlerts":false,"databaseEnabled":false,"locationContextEnabled":false,"applicationCacheEnabled":false,"browserConnectionEnabled":false,"cssSelectorsEnabled":true,"webStorageEnabled":false,"rotatable":false,"acceptSslCerts":false,"nativeEvents":true,"proxy":{"proxyType":"direct"}}
[INFO  - 2014-08-21T14:36:13.151Z] SessionManagerReqHand - _postNewSessionCommand - New Session Created: 8014f3a0-2940-11e4-9b58-51cb5c96e1d8
[INFO  - 2014-08-21T14:36:18.089Z] ShutdownReqHand - _handle - About to shutdown
[INFO  - 2014-08-21T14:38:48.019Z] GhostDriver - Main - running on port 46063
[INFO  - 2014-08-21T14:38:48.630Z] Session [dcc15120-2940-11e4-8076-11c6b2839797] - _decorateNewWindow - page.settings: {"XSSAuditingEnabled":false,"javascriptCanCloseWindows":true,"javascriptCanOpenWindows":true,"javascriptEnabled":true,"loadImages":true,"localToRemoteUrlAccessEnabled":false,"userAgent":"Mozilla/5.0 (Windows NT 6.1; WOW64) AppleWebKit/534.34 (KHTML, like Gecko) PhantomJS/1.9.2 Safari/534.34","webSecurityEnabled":true}
[INFO  - 2014-08-21T14:38:48.630Z] Session [dcc15120-2940-11e4-8076-11c6b2839797] - page.customHeaders:  - {}
[INFO  - 2014-08-21T14:38:48.631Z] Session [dcc15120-2940-11e4-8076-11c6b2839797] - CONSTRUCTOR - Desired Capabilities: {"javascriptEnabled":true,"phantomjs.binary.path":"C:\\Users\\cgu\\git\\eclipse.scout\\org.eclipse.scout.rt.ui.html.parent\\org.eclipse.scout.rt.ui.html\\target\\phantomjs-maven-plugin\\phantomjs-1.9.2-windows\\phantomjs.exe"}
[INFO  - 2014-08-21T14:38:48.631Z] Session [dcc15120-2940-11e4-8076-11c6b2839797] - CONSTRUCTOR - Negotiated Capabilities: {"browserName":"phantomjs","version":"1.9.2","driverName":"ghostdriver","driverVersion":"1.0.4","platform":"windows-7-32bit","javascriptEnabled":true,"takesScreenshot":true,"handlesAlerts":false,"databaseEnabled":false,"locationContextEnabled":false,"applicationCacheEnabled":false,"browserConnectionEnabled":false,"cssSelectorsEnabled":true,"webStorageEnabled":false,"rotatable":false,"acceptSslCerts":false,"nativeEvents":true,"proxy":{"proxyType":"direct"}}
[INFO  - 2014-08-21T14:38:48.631Z] SessionManagerReqHand - _postNewSessionCommand - New Session Created: dcc15120-2940-11e4-8076-11c6b2839797
[INFO  - 2014-08-21T14:38:54.148Z] ShutdownReqHand - _handle - About to shutdown
[INFO  - 2014-08-21T14:47:02.159Z] GhostDriver - Main - running on port 20725
[INFO  - 2014-08-21T14:47:02.871Z] Session [03583410-2942-11e4-adf1-f388f6798c83] - _decorateNewWindow - page.settings: {"XSSAuditingEnabled":false,"javascriptCanCloseWindows":true,"javascriptCanOpenWindows":true,"javascriptEnabled":true,"loadImages":true,"localToRemoteUrlAccessEnabled":false,"userAgent":"Mozilla/5.0 (Windows NT 6.1; WOW64) AppleWebKit/534.34 (KHTML, like Gecko) PhantomJS/1.9.2 Safari/534.34","webSecurityEnabled":true}
[INFO  - 2014-08-21T14:47:02.872Z] Session [03583410-2942-11e4-adf1-f388f6798c83] - page.customHeaders:  - {}
[INFO  - 2014-08-21T14:47:02.872Z] Session [03583410-2942-11e4-adf1-f388f6798c83] - CONSTRUCTOR - Desired Capabilities: {"javascriptEnabled":true,"phantomjs.binary.path":"C:\\Users\\cgu\\git\\eclipse.scout\\org.eclipse.scout.rt.ui.html.parent\\org.eclipse.scout.rt.ui.html\\target\\phantomjs-maven-plugin\\phantomjs-1.9.2-windows\\phantomjs.exe"}
[INFO  - 2014-08-21T14:47:02.872Z] Session [03583410-2942-11e4-adf1-f388f6798c83] - CONSTRUCTOR - Negotiated Capabilities: {"browserName":"phantomjs","version":"1.9.2","driverName":"ghostdriver","driverVersion":"1.0.4","platform":"windows-7-32bit","javascriptEnabled":true,"takesScreenshot":true,"handlesAlerts":false,"databaseEnabled":false,"locationContextEnabled":false,"applicationCacheEnabled":false,"browserConnectionEnabled":false,"cssSelectorsEnabled":true,"webStorageEnabled":false,"rotatable":false,"acceptSslCerts":false,"nativeEvents":true,"proxy":{"proxyType":"direct"}}
[INFO  - 2014-08-21T14:47:02.872Z] SessionManagerReqHand - _postNewSessionCommand - New Session Created: 03583410-2942-11e4-adf1-f388f6798c83
[INFO  - 2014-08-21T14:47:08.500Z] ShutdownReqHand - _handle - About to shutdown
